\BOOKMARK [0][]{chapter*.1}{Contents}{}% 1
\BOOKMARK [0][]{chapter*.2}{List of Figures}{}% 2
\BOOKMARK [0][]{chapter*.3}{Nomenclature}{}% 3
\BOOKMARK [0][]{chapter.1}{1 Introduction}{}% 4
\BOOKMARK [1][]{section.1.1}{1.1 Motivation}{chapter.1}% 5
\BOOKMARK [1][]{section.1.2}{1.2 Thesis Statement}{chapter.1}% 6
\BOOKMARK [1][]{section.1.3}{1.3 Objectives}{chapter.1}% 7
\BOOKMARK [1][]{section.1.4}{1.4 Contributions}{chapter.1}% 8
\BOOKMARK [1][]{section.1.5}{1.5 Outline}{chapter.1}% 9
\BOOKMARK [0][]{chapter.2}{2 Background}{}% 10
\BOOKMARK [1][]{section.2.1}{2.1 Software Engineering}{chapter.2}% 11
\BOOKMARK [2][]{subsection.2.1.1}{2.1.1 Current Software Engineering Practices}{section.2.1}% 12
\BOOKMARK [3][]{subsubsection.2.1.1.1}{2.1.1.1 Development Methodologies}{subsection.2.1.1}% 13
\BOOKMARK [3][]{subsubsection.2.1.1.2}{2.1.1.2 Automated Unit Testing and Continuous Integration}{subsection.2.1.1}% 14
\BOOKMARK [3][]{subsubsection.2.1.1.3}{2.1.1.3 Object-Oriented Design Principles}{subsection.2.1.1}% 15
\BOOKMARK [3][]{subsubsection.2.1.1.4}{2.1.1.4 Object-Oriented Design Heuristics and Patterns}{subsection.2.1.1}% 16
\BOOKMARK [3][]{subsubsection.2.1.1.5}{2.1.1.5 Refactoring}{subsection.2.1.1}% 17
\BOOKMARK [2][]{subsection.2.1.2}{2.1.2 Software Analysis}{section.2.1}% 18
\BOOKMARK [3][]{subsubsection.2.1.2.1}{2.1.2.1 Dynamic and Static Software Analysis Tools}{subsection.2.1.2}% 19
\BOOKMARK [3][]{subsubsection.2.1.2.2}{2.1.2.2 Software Metrics}{subsection.2.1.2}% 20
\BOOKMARK [3][]{subsubsection.2.1.2.3}{2.1.2.3 Software Visualisation}{subsection.2.1.2}% 21
\BOOKMARK [1][]{section.2.2}{2.2 Tag Clouds}{chapter.2}% 22
\BOOKMARK [2][]{subsection.2.2.1}{2.2.1 History}{section.2.2}% 23
\BOOKMARK [2][]{subsection.2.2.2}{2.2.2 Related Work - Extensions and Evaluations}{section.2.2}% 24
\BOOKMARK [0][]{chapter.3}{3 Existing Tag Cloud Implementations in Software Visualisation}{}% 25
\BOOKMARK [1][]{section.3.1}{3.1 Related Work}{chapter.3}% 26
\BOOKMARK [1][]{section.3.2}{3.2 Existing Tools}{chapter.3}% 27
\BOOKMARK [2][]{subsection.3.2.1}{3.2.1 Sonar}{section.3.2}% 28
\BOOKMARK [2][]{subsection.3.2.2}{3.2.2 Sonar Extension using Javascript Library}{section.3.2}% 29
\BOOKMARK [2][]{subsection.3.2.3}{3.2.3 Sourcecloud}{section.3.2}% 30
\BOOKMARK [2][]{subsection.3.2.4}{3.2.4 Taggle}{section.3.2}% 31
\BOOKMARK [0][]{chapter.4}{4 Visualisation of Tag Clouds}{}% 32
\BOOKMARK [0][]{chapter.5}{5 Addressing Challenges of Tag Clouds in Software Engineering}{}% 33
\BOOKMARK [1][]{section.5.1}{5.1 Tag Clouds vs Other Visualisations}{chapter.5}% 34
\BOOKMARK [2][]{subsection.5.1.1}{5.1.1 Parallel Co-ordinate Plots}{section.5.1}% 35
\BOOKMARK [2][]{subsection.5.1.2}{5.1.2 Treemap}{section.5.1}% 36
\BOOKMARK [2][]{subsection.5.1.3}{5.1.3 Kiviat Chart}{section.5.1}% 37
\BOOKMARK [2][]{subsection.5.1.4}{5.1.4 Scatterplot Matrix}{section.5.1}% 38
\BOOKMARK [1][]{section.5.2}{5.2 Number of Variables}{chapter.5}% 39
\BOOKMARK [1][]{section.5.3}{5.3 Scale}{chapter.5}% 40
\BOOKMARK [1][]{section.5.4}{5.4 Distribution}{chapter.5}% 41
\BOOKMARK [1][]{section.5.5}{5.5 Outliers}{chapter.5}% 42
\BOOKMARK [1][]{section.5.6}{5.6 Long Identifiers}{chapter.5}% 43
\BOOKMARK [1][]{section.5.7}{5.7 Perspective}{chapter.5}% 44
\BOOKMARK [1][]{section.5.8}{5.8 Interaction}{chapter.5}% 45
\BOOKMARK [1][]{section.5.9}{5.9 Advantages of Tag Clouds}{chapter.5}% 46
\BOOKMARK [0][]{chapter.6}{6 Data Selection}{}% 47
\BOOKMARK [1][]{section.6.1}{6.1 Aspectj}{chapter.6}% 48
\BOOKMARK [1][]{section.6.2}{6.2 EclipseSDK}{chapter.6}% 49
\BOOKMARK [0][]{chapter.7}{7 Empirical Feasibility Study}{}% 50
\BOOKMARK [1][]{section.7.1}{7.1 Apparatus and Materials}{chapter.7}% 51
\BOOKMARK [1][]{section.7.2}{7.2 Participants}{chapter.7}% 52
\BOOKMARK [1][]{section.7.3}{7.3 Procedure}{chapter.7}% 53
\BOOKMARK [1][]{section.7.4}{7.4 User Tasks}{chapter.7}% 54
\BOOKMARK [2][]{subsection.7.4.1}{7.4.1 Analysis}{section.7.4}% 55
\BOOKMARK [2][]{subsection.7.4.2}{7.4.2 Monitoring/Trends}{section.7.4}% 56
\BOOKMARK [2][]{subsection.7.4.3}{7.4.3 Query}{section.7.4}% 57
\BOOKMARK [2][]{subsection.7.4.4}{7.4.4 Navigation}{section.7.4}% 58
\BOOKMARK [1][]{section.7.5}{7.5 Measurement of Problems}{chapter.7}% 59
\BOOKMARK [1][]{section.7.6}{7.6 Design and Data analysis}{chapter.7}% 60
\BOOKMARK [1][]{section.7.7}{7.7 Results}{chapter.7}% 61
\BOOKMARK [1][]{section.7.8}{7.8 Conclusions}{chapter.7}% 62
\BOOKMARK [0][]{chapter.8}{8 Empirical Experiment Design}{}% 63
\BOOKMARK [1][]{section.8.1}{8.1 Tasks}{chapter.8}% 64
\BOOKMARK [1][]{section.8.2}{8.2 Datasets}{chapter.8}% 65
\BOOKMARK [1][]{section.8.3}{8.3 Statistics}{chapter.8}% 66
\BOOKMARK [1][]{section.8.4}{8.4 Tests}{chapter.8}% 67
\BOOKMARK [1][]{section.8.5}{8.5 Threats to Validity}{chapter.8}% 68
\BOOKMARK [0][]{chapter.9}{9 Conclusions}{}% 69
\BOOKMARK [0][]{appendix*.4}{Appendix A}{}% 70
\BOOKMARK [1][]{section..1}{A.1 Tools for Obtaining Software Metric Data}{appendix*.4}% 71
\BOOKMARK [2][]{subsection..1.1}{A.1.1 Eclipse Metrics Plugin}{section..1}% 72
\BOOKMARK [2][]{subsection..1.2}{A.1.2 Software Analysis Platform}{section..1}% 73
\BOOKMARK [2][]{subsection..1.3}{A.1.3 Metric frameworks/tools}{section..1}% 74
\BOOKMARK [1][]{section..2}{A.2 Metric Output from Software Analysis Tools}{appendix*.4}% 75
\BOOKMARK [0][]{appendix*.5}{Appendix B}{}% 76
\BOOKMARK [1][]{section..3}{B.3 Tools for Creation of Tag Clouds}{appendix*.5}% 77
\BOOKMARK [2][]{subsection..3.1}{B.3.1 Web Tools}{section..3}% 78
\BOOKMARK [2][]{subsection..3.2}{B.3.2 Processing Libraries}{section..3}% 79
\BOOKMARK [2][]{subsection..3.3}{B.3.3 Javascript Libraries}{section..3}% 80
\BOOKMARK [2][]{subsection..3.4}{B.3.4 Java Libraries}{section..3}% 81
\BOOKMARK [2][]{subsection..3.5}{B.3.5 Google Web Toolkit Visualisation}{section..3}% 82
\BOOKMARK [1][]{section..4}{B.4 Visualisation Libraries}{appendix*.5}% 83
\BOOKMARK [0][]{appendix*.6}{Appendix C}{}% 84
\BOOKMARK [1][]{section..5}{C.5 lohmann09}{appendix*.6}% 85
\BOOKMARK [2][]{subsection..5.1}{C.5.1 Results}{section..5}% 86
\BOOKMARK [2][]{subsection..5.2}{C.5.2 User Tasks}{section..5}% 87
\BOOKMARK [2][]{subsection..5.3}{C.5.3 Tag Cloud Layout}{section..5}% 88
\BOOKMARK [2][]{subsection..5.4}{C.5.4 Tag Cloud Generation}{section..5}% 89
\BOOKMARK [2][]{subsection..5.5}{C.5.5 Procedure}{section..5}% 90
\BOOKMARK [1][]{section..6}{C.6 schrammel09b}{appendix*.6}% 91
\BOOKMARK [2][]{subsection..6.1}{C.6.1 Results}{section..6}% 92
\BOOKMARK [2][]{subsection..6.2}{C.6.2 User Tasks}{section..6}% 93
\BOOKMARK [2][]{subsection..6.3}{C.6.3 Tag Cloud Layout}{section..6}% 94
\BOOKMARK [2][]{subsection..6.4}{C.6.4 Tag Cloud Generation}{section..6}% 95
\BOOKMARK [2][]{subsection..6.5}{C.6.5 Procedure}{section..6}% 96
\BOOKMARK [0][]{appendix*.7}{References}{}% 97
